<?xml version="1.0" encoding="UTF-8"?>
<!-- Generated by org.testng.reporters.JUnitXMLReporter -->
<testsuite ignored="0" hostname="TYSS-Mamatha" failures="1" tests="4" name="Test" time="0.054" errors="0" timestamp="2023-06-17T09:55:56 IST">
  <testcase classname="listener.TC2" name="testcase3" time="0.01">
    <failure type="java.lang.AssertionError" message="expected [true] but found [false]">
      <![CDATA[java.lang.AssertionError: expected [true] but found [false]
at listener.TC2.testcase3(TC2.java:11)
at java.base/java.util.ArrayList.forEach(ArrayList.java:1511)
... Removed 33 stack frames]]>
    </failure>
  </testcase> <!-- testcase3 -->
  <testcase classname="listener.TC2" name="testcase4" time="0.0"/>
  <testcase classname="listener.TC01" name="testcase1" time="0.001"/>
  <testcase classname="listener.TC01" name="testcase2" time="0.001"/>
</testsuite> <!-- Test -->
