<?xml version="1.0" encoding="UTF-8"?>
<!-- Generated by org.testng.reporters.JUnitXMLReporter -->
<testsuite ignored="4" hostname="TYSS-Mamatha" failures="0" tests="4" name="Test2" time="18.516" errors="0" timestamp="2023-06-15T10:14:56 IST">
  <testcase classname="demoPackage.AnnotationsClass2" name="loginWithInvalidCredentials" time="5.063"/>
  <testcase classname="demoPackage.AnnotationsClass2" name="loginWithValidCredentials" time="2.872"/>
  <testcase classname="demoPackage.AnnotationsClass" name="loginWithInvalidCredentials" time="5.168"/>
  <testcase classname="demoPackage.AnnotationsClass" name="loginWithValidCredentials" time="2.78"/>
  <testcase classname="demoPackage.BaseClass" name="@BeforeSuite beforeClass" time="0.0">
    <ignored/>
  </testcase> <!-- @BeforeSuite beforeClass -->
  <testcase classname="demoPackage.BaseClass" name="@BeforeTest beforetest" time="0.0">
    <ignored/>
  </testcase> <!-- @BeforeTest beforetest -->
  <testcase classname="demoPackage.BaseClass" name="@AfterSuite afterclass" time="0.0">
    <ignored/>
  </testcase> <!-- @AfterSuite afterclass -->
  <testcase classname="demoPackage.BaseClass" name="@AfterTest afterTest" time="0.0">
    <ignored/>
  </testcase> <!-- @AfterTest afterTest -->
</testsuite> <!-- Test2 -->
